<?xml version="1.0" encoding="UTF-8"?>
<testsuite xmlns:xsi="http://www.w3.org/2001/XMLSchema-instance" xsi:schemaLocation="https://maven.apache.org/surefire/maven-surefire-plugin/xsd/surefire-test-report.xsd" name="fridayexercise.UserMapperTest" time="0.715" tests="1" errors="1" skipped="0" failures="0">
  <properties>
[...]
</properties>
  <testcase name="testCreateTableAndPopulate" classname="fridayexercise.UserMapperTest" time="0.659">
    <error message="You have an error in your SQL syntax; check the manual that corresponds to your MySQL server version for the right syntax to use near &apos;CREATE TABLE IF NOT EXISTS usertable(id int primary key auto_increment,fname var&apos; at line 2" type="java.lang.Exception">java.lang.Exception: You have an error in your SQL syntax; check the manual that corresponds to your MySQL server version for the right syntax to use near 'CREATE TABLE IF NOT EXISTS usertable(id int primary key auto_increment,fname var' at line 2
	at fridayexercise.UserMapperTest.testCreateTableAndPopulate(UserMapperTest.java:41)
</error>
    <system-out><![CDATA[TEST| createTableAndPopulate
]]></system-out>
  </testcase>
</testsuite>